app/build/outputs/logs/manifest-merger-debug-report.txt
-- Merging decision tree log ---
manifest
ADDED from src/main/AndroidManifest.xml:2:1-90:12
	package
		ADDED from src/main/AndroidManifest.xml:3:5-36
		INJECTED from src/main/AndroidManifest.xml
		INJECTED from src/main/AndroidManifest.xml
	android:versionName
		ADDED from src/main/AndroidManifest.xml:5:5-40
		INJECTED from src/main/AndroidManifest.xml
		INJECTED from src/main/AndroidManifest.xml
	android:versionCode
		ADDED from src/main/AndroidManifest.xml:4:5-28
		INJECTED from src/main/AndroidManifest.xml
		INJECTED from src/main/AndroidManifest.xml
	xmlns:android
		ADDED from src/main/AndroidManifest.xml:2:11-69
application
ADDED from src/main/AndroidManifest.xml:7:5-74:19
MERGED from [com.android.support:design:25.3.1] AndroidManifest.xml:29:5-20
MERGED from [com.android.support:appcompat-v7:25.3.1] AndroidManifest.xml:29:5-20
MERGED from [com.android.support:animated-vector-drawable:25.3.1] AndroidManifest.xml:26:5-20
MERGED from [com.android.support:support-vector-drawable:25.3.1] AndroidManifest.xml:26:5-20
MERGED from [com.android.support:transition:25.3.1] AndroidManifest.xml:26:5-20
MERGED from [com.android.support:support-v4:25.3.1] AndroidManifest.xml:29:5-20
MERGED from [com.android.support:support-fragment:25.3.1] AndroidManifest.xml:29:5-20
MERGED from [com.android.support:support-media-compat:25.3.1] AndroidManifest.xml:29:5-20
MERGED from [com.android.support:support-core-ui:25.3.1] AndroidManifest.xml:29:5-20
MERGED from [com.android.support:support-core-utils:25.3.1] AndroidManifest.xml:29:5-20
MERGED from [com.android.support:support-compat:25.3.1] AndroidManifest.xml:29:5-20
MERGED from [com.android.support.constraint:constraint-layout:1.0.2] AndroidManifest.xml:9:5-20
	android:label
		ADDED from src/main/AndroidManifest.xml:10:9-34
	android:icon
		ADDED from src/main/AndroidManifest.xml:9:9-43
	android:name
		ADDED from src/main/AndroidManifest.xml:8:9-33
activity#com.iflytek.speech.setting.TtsSettings
ADDED from src/main/AndroidManifest.xml:11:9-84
	android:name
		ADDED from src/main/AndroidManifest.xml:11:19-72
activity#com.iflytek.speech.setting.IatSettings
ADDED from src/main/AndroidManifest.xml:12:9-14:64
	android:theme
		ADDED from src/main/AndroidManifest.xml:14:13-52
	android:name
		ADDED from src/main/AndroidManifest.xml:13:13-66
activity#com.iflytek.speech.setting.UnderstanderSettings
ADDED from src/main/AndroidManifest.xml:15:9-93
	android:name
		ADDED from src/main/AndroidManifest.xml:15:19-81
activity#com.iflytek.voicedemo.IatDemo
ADDED from src/main/AndroidManifest.xml:16:9-19:61
	android:screenOrientation
		ADDED from src/main/AndroidManifest.xml:19:13-49
	android:configChanges
		ADDED from src/main/AndroidManifest.xml:18:13-133
	android:name
		ADDED from src/main/AndroidManifest.xml:17:13-57
activity#com.iflytek.voicedemo.AsrDemo
ADDED from src/main/AndroidManifest.xml:20:9-23:61
	android:screenOrientation
		ADDED from src/main/AndroidManifest.xml:23:13-49
	android:configChanges
		ADDED from src/main/AndroidManifest.xml:22:13-133
	android:name
		ADDED from src/main/AndroidManifest.xml:21:13-57
activity#com.iflytek.voicedemo.UnderstanderDemo
ADDED from src/main/AndroidManifest.xml:24:9-27:61
	android:screenOrientation
		ADDED from src/main/AndroidManifest.xml:27:13-49
	android:configChanges
		ADDED from src/main/AndroidManifest.xml:26:13-133
	android:name
		ADDED from src/main/AndroidManifest.xml:25:13-66
activity#com.iflytek.voicedemo.TtsDemo
ADDED from src/main/AndroidManifest.xml:28:9-31:61
	android:screenOrientation
		ADDED from src/main/AndroidManifest.xml:31:13-49
	android:configChanges
		ADDED from src/main/AndroidManifest.xml:30:13-133
	android:name
		ADDED from src/main/AndroidManifest.xml:29:13-57
activity#com.iflytek.voicedemo.Register
ADDED from src/main/AndroidManifest.xml:32:9-33:70
	android:name
		ADDED from src/main/AndroidManifest.xml:33:13-58
activity#com.iflytek.voicedemo.DisPlay
ADDED from src/main/AndroidManifest.xml:34:9-35:69
	android:name
		ADDED from src/main/AndroidManifest.xml:35:13-57
activity#com.iflytek.voicedemo.Details
ADDED from src/main/AndroidManifest.xml:36:9-37:69
	android:name
		ADDED from src/main/AndroidManifest.xml:37:13-57
activity#com.iflytek.voicedemo.PublicCycle
ADDED from src/main/AndroidManifest.xml:38:9-39:73
	android:name
		ADDED from src/main/AndroidManifest.xml:39:13-61
activity#com.iflytek.voicedemo.IseDemo
ADDED from src/main/AndroidManifest.xml:40:9-43:61
	android:screenOrientation
		ADDED from src/main/AndroidManifest.xml:43:13-49
	android:configChanges
		ADDED from src/main/AndroidManifest.xml:42:13-133
	android:name
		ADDED from src/main/AndroidManifest.xml:41:13-57
activity#com.iflytek.voicedemo.MainActivity
ADDED from src/main/AndroidManifest.xml:44:9-50:20
	android:name
		ADDED from src/main/AndroidManifest.xml:44:19-68
intent-filter#android.intent.action.MAIN+android.intent.category.LAUNCHER
ADDED from src/main/AndroidManifest.xml:45:13-49:29
action#android.intent.action.MAIN
ADDED from src/main/AndroidManifest.xml:46:17-69
	android:name
		ADDED from src/main/AndroidManifest.xml:46:25-66
category#android.intent.category.LAUNCHER
ADDED from src/main/AndroidManifest.xml:48:17-77
	android:name
		ADDED from src/main/AndroidManifest.xml:48:27-74
activity#com.iflytek.voicedemo.Diary
ADDED from src/main/AndroidManifest.xml:51:9-59:20
	android:label
		ADDED from src/main/AndroidManifest.xml:53:13-45
	android:theme
		ADDED from src/main/AndroidManifest.xml:54:13-56
	android:name
		ADDED from src/main/AndroidManifest.xml:52:13-55
activity#com.iflytek.voicedemo.MainPage
ADDED from src/main/AndroidManifest.xml:60:9-76
	android:name
		ADDED from src/main/AndroidManifest.xml:60:19-64
activity#com.iflytek.speech.setting.IseSettings
ADDED from src/main/AndroidManifest.xml:61:9-64:61
	android:screenOrientation
		ADDED from src/main/AndroidManifest.xml:64:13-49
	android:configChanges
		ADDED from src/main/AndroidManifest.xml:63:13-133
	android:name
		ADDED from src/main/AndroidManifest.xml:62:13-66
meta-data#IFLYTEK_APPKEY
ADDED from src/main/AndroidManifest.xml:66:9-68:42
	android:value
		ADDED from src/main/AndroidManifest.xml:68:13-29
	android:name
		ADDED from src/main/AndroidManifest.xml:67:13-42
meta-data#IFLYTEK_CHANNEL
ADDED from src/main/AndroidManifest.xml:69:9-71:44
	android:value
		ADDED from src/main/AndroidManifest.xml:71:13-41
	android:name
		ADDED from src/main/AndroidManifest.xml:70:13-43
uses-sdk
ADDED from src/main/AndroidManifest.xml:76:5-43
MERGED from [com.android.support:design:25.3.1] AndroidManifest.xml:21:5-23:62
MERGED from [com.android.support:appcompat-v7:25.3.1] AndroidManifest.xml:21:5-23:78
MERGED from [com.android.support:animated-vector-drawable:25.3.1] AndroidManifest.xml:20:5-44
MERGED from [com.android.support:support-vector-drawable:25.3.1] AndroidManifest.xml:20:5-43
MERGED from [com.android.support:recyclerview-v7:25.3.1] AndroidManifest.xml:20:5-43
MERGED from [com.android.support:transition:25.3.1] AndroidManifest.xml:20:5-44
MERGED from [com.android.support:support-v4:25.3.1] AndroidManifest.xml:21:5-23:54
MERGED from [com.android.support:support-fragment:25.3.1] AndroidManifest.xml:21:5-23:60
MERGED from [com.android.support:support-media-compat:25.3.1] AndroidManifest.xml:21:5-23:63
MERGED from [com.android.support:support-core-ui:25.3.1] AndroidManifest.xml:21:5-23:58
MERGED from [com.android.support:support-core-utils:25.3.1] AndroidManifest.xml:21:5-23:61
MERGED from [com.android.support:support-compat:25.3.1] AndroidManifest.xml:21:5-23:58
MERGED from [com.android.support.constraint:constraint-layout:1.0.2] AndroidManifest.xml:5:5-7:41
	tools:overrideLibrary
		ADDED from [com.android.support:design:25.3.1] AndroidManifest.xml:23:9-59
	android:targetSdkVersion
		INJECTED from src/main/AndroidManifest.xml
		INJECTED from src/main/AndroidManifest.xml
	android:minSdkVersion
		ADDED from src/main/AndroidManifest.xml:76:15-40
		INJECTED from src/main/AndroidManifest.xml
		INJECTED from src/main/AndroidManifest.xml
uses-permission#android.permission.RECORD_AUDIO
ADDED from src/main/AndroidManifest.xml:78:5-71
	android:name
		ADDED from src/main/AndroidManifest.xml:78:22-68
uses-permission#android.permission.INTERNET
ADDED from src/main/AndroidManifest.xml:79:5-67
	android:name
		ADDED from src/main/AndroidManifest.xml:79:22-64
uses-permission#android.permission.ACCESS_NETWORK_STATE
ADDED from src/main/AndroidManifest.xml:80:5-79
	android:name
		ADDED from src/main/AndroidManifest.xml:80:22-76
uses-permission#android.permission.ACCESS_WIFI_STATE
ADDED from src/main/AndroidManifest.xml:81:5-76
	android:name
		ADDED from src/main/AndroidManifest.xml:81:22-73
uses-permission#android.permission.CHANGE_NETWORK_STATE
ADDED from src/main/AndroidManifest.xml:82:5-79
	android:name
		ADDED from src/main/AndroidManifest.xml:82:22-76
uses-permission#android.permission.READ_PHONE_STATE
ADDED from src/main/AndroidManifest.xml:83:5-75
	android:name
		ADDED from src/main/AndroidManifest.xml:83:22-72
uses-permission#android.permission.ACCESS_FINE_LOCATION
ADDED from src/main/AndroidManifest.xml:84:5-79
	android:name
		ADDED from src/main/AndroidManifest.xml:84:22-76
uses-permission#android.permission.READ_CONTACTS
ADDED from src/main/AndroidManifest.xml:85:5-72
	android:name
		ADDED from src/main/AndroidManifest.xml:85:22-69
uses-permission#android.permission.WRITE_EXTERNAL_STORAGE
ADDED from src/main/AndroidManifest.xml:86:5-81
	android:name
		ADDED from src/main/AndroidManifest.xml:86:22-78
uses-permission#android.permission.WRITE_SETTINGS
ADDED from src/main/AndroidManifest.xml:87:5-73
	android:name
		ADDED from src/main/AndroidManifest.xml:87:22-70
uses-permission#android.permission.READ_EXTERNAL_STORAGE
ADDED from src/main/AndroidManifest.xml:88:5-80
	android:name
		ADDED from src/main/AndroidManifest.xml:88:22-77
meta-data#android.support.VERSION
ADDED from [com.android.support:design:25.3.1] AndroidManifest.xml:25:5-27:34
MERGED from [com.android.support:appcompat-v7:25.3.1] AndroidManifest.xml:25:5-27:34
MERGED from [com.android.support:animated-vector-drawable:25.3.1] AndroidManifest.xml:22:5-24:34
MERGED from [com.android.support:support-vector-drawable:25.3.1] AndroidManifest.xml:22:5-24:34
MERGED from [com.android.support:recyclerview-v7:25.3.1] AndroidManifest.xml:22:5-24:34
MERGED from [com.android.support:transition:25.3.1] AndroidManifest.xml:22:5-24:34
MERGED from [com.android.support:support-v4:25.3.1] AndroidManifest.xml:25:5-27:34
MERGED from [com.android.support:support-fragment:25.3.1] AndroidManifest.xml:25:5-27:34
MERGED from [com.android.support:support-media-compat:25.3.1] AndroidManifest.xml:25:5-27:34
MERGED from [com.android.support:support-core-ui:25.3.1] AndroidManifest.xml:25:5-27:34
MERGED from [com.android.support:support-core-utils:25.3.1] AndroidManifest.xml:25:5-27:34
MERGED from [com.android.support:support-compat:25.3.1] AndroidManifest.xml:25:5-27:34
	android:value
		ADDED from [com.android.support:design:25.3.1] AndroidManifest.xml:27:9-31
	android:name
		ADDED from [com.android.support:design:25.3.1] AndroidManifest.xml:26:9-47